Script started on 2019-11-19 11:53:20-08:00
]0;005319687@csusb.edu@jb359-2:~/cse460/labs/lab08[005319687@csusb.edu@jb359-2 lab08]$ make qemu-nox
dd if=/dev/zero of=xv6.img count=10000
10000+0 records in
10000+0 records out
5120000 bytes (5.1 MB, 4.9 MiB) copied, 0.456309 s, 11.2 MB/s
dd if=bootblock of=xv6.img conv=notrunc
1+0 records in
1+0 records out
512 bytes copied, 0.00223452 s, 229 kB/s
dd if=kernel of=xv6.img seek=1 conv=notrunc
416+1 records in
416+1 records out
213292 bytes (213 kB, 208 KiB) copied, 0.00734767 s, 29.0 MB/s
which: no qemu in (/opt/anaconda3/bin:/opt/Xilinx/SDK/2018.2/bin:/opt/Xilinx/SDK/2018.2/gnu/microblaze/lin/bin:/opt/Xilinx/SDK/2018.2/gnu/arm/lin/bin:/opt/Xilinx/SDK/2018.2/gnu/microblaze/linux_toolchain/lin64_le/bin:/opt/Xilinx/SDK/2018.2/gnu/aarch32/lin/gcc-arm-linux-gnueabi/bin:/opt/Xilinx/SDK/2018.2/gnu/aarch32/lin/gcc-arm-none-eabi/bin:/opt/Xilinx/SDK/2018.2/gnu/aarch64/lin/aarch64-linux/bin:/opt/Xilinx/SDK/2018.2/gnu/aarch64/lin/aarch64-none/bin:/opt/Xilinx/SDK/2018.2/gnu/armr5/lin/gcc-arm-none-eabi/bin:/opt/Xilinx/SDK/2018.2/tps/lnx64/cmake-3.3.2/bin:/opt/Xilinx/DocNav:/opt/Xilinx/Vivado/2018.2/bin:/usr/lib64/openmpi/bin:/opt/UCSF/Chimera64-1.12/bin:/usr/local/MATLAB/R2018a/bin:/share/bin:/usr/local/racket/bin:/opt/Xilinx/14.7/ISE_DS/ISE/bin/lin64:/opt/Xilinx/14.7/ISE_DS/common/bin/lin64:/opt/Xilinx/Vivado/2017.2/bin:/opt/Xilinx/Vivado_HLS/2017.2/bin:/opt/android-studio/bin:/opt/android-sdk-linux/tools:/opt/android-sdk-linux/platform-tools:/usr/java/latest/bin:/opt/anaconda3/bin:/opt/Xilinx/SDK/2018.2/bin:/opt/Xilinx/SDK/2018.2/gnu/microblaze/lin/bin:/opt/Xilinx/SDK/2018.2/gnu/arm/lin/bin:/opt/Xilinx/SDK/2018.2/gnu/microblaze/linux_toolchain/lin64_le/bin:/opt/Xilinx/SDK/2018.2/gnu/aarch32/lin/gcc-arm-linux-gnueabi/bin:/opt/Xilinx/SDK/2018.2/gnu/aarch32/lin/gcc-arm-none-eabi/bin:/opt/Xilinx/SDK/2018.2/gnu/aarch64/lin/aarch64-linux/bin:/opt/Xilinx/SDK/2018.2/gnu/aarch64/lin/aarch64-none/bin:/opt/Xilinx/SDK/2018.2/gnu/armr5/lin/gcc-arm-none-eabi/bin:/opt/Xilinx/SDK/2018.2/tps/lnx64/cmake-3.3.2/bin:/opt/Xilinx/DocNav:/opt/Xilinx/Vivado/2018.2/bin:/usr/lib64/openmpi/bin:/opt/UCSF/Chimera64-1.12/bin:/usr/local/MATLAB/R2018a/bin:/share/bin:/usr/local/racket/bin:/opt/Xilinx/14.7/ISE_DS/ISE/bin/lin64:/opt/Xilinx/14.7/ISE_DS/common/bin/lin64:/opt/Xilinx/Vivado/2017.2/bin:/opt/Xilinx/Vivado_HLS/2017.2/bin:/opt/android-studio/bin:/opt/android-sdk-linux/tools:/opt/android-sdk-linux/platform-tools:/usr/java/latest/bin:/opt/anaconda3/bin:/opt/Xilinx/SDK/2018.2/bin:/opt/Xilinx/SDK/2018.2/gnu/microblaze/lin/bin:/opt/Xilinx/SDK/2018.2/gnu/arm/lin/bin:/opt/Xilinx/SDK/2018.2/gnu/microblaze/linux_toolchain/lin64_le/bin:/opt/Xilinx/SDK/2018.2/gnu/aarch32/lin/gcc-arm-linux-gnueabi/bin:/opt/Xilinx/SDK/2018.2/gnu/aarch32/lin/gcc-arm-none-eabi/bin:/opt/Xilinx/SDK/2018.2/gnu/aarch64/lin/aarch64-linux/bin:/opt/Xilinx/SDK/2018.2/gnu/aarch64/lin/aarch64-none/bin:/opt/Xilinx/SDK/2018.2/gnu/armr5/lin/gcc-arm-none-eabi/bin:/opt/Xilinx/SDK/2018.2/tps/lnx64/cmake-3.3.2/bin:/opt/Xilinx/DocNav:/opt/Xilinx/Vivado/2018.2/bin:/usr/lib64/openmpi/bin:/opt/UCSF/Chimera64-1.12/bin:/usr/local/MATLAB/R2018a/bin:/share/bin:/usr/local/racket/bin:/opt/Xilinx/14.7/ISE_DS/ISE/bin/lin64:/opt/Xilinx/14.7/ISE_DS/common/bin/lin64:/opt/Xilinx/Vivado/2017.2/bin:/opt/Xilinx/Vivado_HLS/2017.2/bin:/opt/android-studio/bin:/opt/android-sdk-linux/tools:/opt/android-sdk-linux/platform-tools:/usr/java/latest/bin:/usr/lib64/qt-3.3/bin:/usr/share/Modules/bin:/usr/lib64/ccache:/usr/local/bin:/usr/bin:/usr/local/sbin:/usr/sbin:/home/csusb.edu/005319687/.local/bin:/home/csusb.edu/005319687/bin:.)
qemu-system-i386 -nographic -drive file=fs.img,index=1,media=disk,format=raw -drive file=xv6.img,index=0,media=disk,format=raw -smp 2 -m 512 
c[?7l[2J[0mSeaBIOS (version ?-20180724_192412-buildhw-07.phx2.fedoraproject.org-1.fc29)


iPXE (http://ipxe.org) 00:03.0 C980 PCI2.10 PnP PMM+1FF913E0+1FED13E0 C980
Press Ctrl-B to configure iPXE (PCI 00:03.0)...                                                                               


Booting from Hard Disk..xv6...
cpu1: starting 1
cpu0: starting 0
sb: size 1000 nblocks 941 ninodes 200 nlog 30 logstart 2 inodestart 32 bmap start 58
init: starting sh
$ ls
.              1 1 512
..             1 1 512
README         2 2 2290
cat            2 3 16192
echo           2 4 15008
forktest       2 5 9296
grep           2 6 18460
init           2 7 15628
kill           2 8 15044
ln             2 9 14928
ls             2 10 17532
mkdir          2 11 15160
rm             2 12 15140
sh             2 13 27696
stressfs       2 14 15980
usertests      2 15 65980
wc             2 16 16888
cp             2 17 15588
ps             2 18 14796
touch          2 19 15048
zombie         2 20 14744
console        3 21 0
myfile         2 22 2290
$ touch myfile1 mt yfile2 myfile3
pid 4 touch: trap 14 err 5 on cpu 1 eip 0xffffffff addr 0xffffffff--kill proc
$ ls
.              1 1 512
..             1 1 512
README         2 2 2290
cat            2 3 16192
echo           2 4 15008
forktest       2 5 9296
grep           2 6 18460
init           2 7 15628
kill           2 8 15044
ln             2 9 14928
ls             2 10 17532
mkdir          2 11 15160
rm             2 12 15140
sh             2 13 27696
stressfs       2 14 15980
usertests      2 15 65980
wc             2 16 16888
cp             2 17 15588
ps             2 18 14796
touch          2 19 15048
zombie         2 20 14744
console        3 21 0
myfile         2 22 2290
myfile1        2 23 0
myfile2        2 24 0
myfile3        2 25 0
$ ps
name 	 pid 	 state 
init 	 1  	 SLEEPING 
 sh 	 2  	 SLEEPING 
 ps 	 6  	 RUNNING 
 Total number of processes: 3 
$ QEMU 3.0.1 monitor - type 'help' for more information
(qemu) q[K[Dqu[K[D[Dqui[K[D[D[Dquit[K
]0;005319687@csusb.edu@jb359-2:~/cse460/labs/lab08[005319687@csusb.edu@jb359-2 lab08]$ exit
exit

Script done on 2019-11-19 11:54:41-08:00
